Using pre-set license
Built from '2020.3/release' branch; Version is '2020.3.34f1 (9a4c9c70452b) revision 10112156'; Using compiler version '192528614'; Build Type 'Release'
OS: 'Windows 10  (10.0.19044) 64bit Core' Language: 'ko' Physical Memory: 8082 MB
BatchMode: 1, IsHumanControllingUs: 0, StartBugReporterOnCrash: 0, Is64bit: 1, IsPro: 0

COMMAND LINE ARGUMENTS:
C:\Program Files\Unity\Hub\Editor\2020.3.34f1\Editor\Unity.exe
-adb2
-batchMode
-noUpm
-name
AssetImportWorker0
-projectPath
C:/Users/User1/Desktop/Programing/Reaper/Reagper_Team17
-logFile
Logs/AssetImportWorker0.log
-srvPort
56125
Successfully changed project path to: C:/Users/User1/Desktop/Programing/Reaper/Reagper_Team17
C:/Users/User1/Desktop/Programing/Reaper/Reagper_Team17
Using Asset Import Pipeline V2.
Refreshing native plugins compatible for Editor in 52.40 ms, found 3 plugins.
Preloading 0 native plugins for Editor in 0.00 ms.
Initialize engine version: 2020.3.34f1 (9a4c9c70452b)
[Subsystems] Discovering subsystems at path C:/Program Files/Unity/Hub/Editor/2020.3.34f1/Editor/Data/Resources/UnitySubsystems
[Subsystems] Discovering subsystems at path C:/Users/User1/Desktop/Programing/Reaper/Reagper_Team17/Assets
GfxDevice: creating device client; threaded=0
Direct3D:
    Version:  Direct3D 11.0 [level 11.1]
    Renderer: NVIDIA GeForce GTX 1650 with Max-Q Design (ID=0x1f91)
    Vendor:   
    VRAM:     3962 MB
    Driver:   27.21.14.5167
Initialize mono
Mono path[0] = 'C:/Program Files/Unity/Hub/Editor/2020.3.34f1/Editor/Data/Managed'
Mono path[1] = 'C:/Program Files/Unity/Hub/Editor/2020.3.34f1/Editor/Data/MonoBleedingEdge/lib/mono/unityjit'
Mono config path = 'C:/Program Files/Unity/Hub/Editor/2020.3.34f1/Editor/Data/MonoBleedingEdge/etc'
Using monoOptions --debugger-agent=transport=dt_socket,embedding=1,server=y,suspend=n,address=127.0.0.1:56008
Begin MonoManager ReloadAssembly
Registering precompiled unity dll's ...
Register platform support module: C:/Program Files/Unity/Hub/Editor/2020.3.34f1/Editor/Data/PlaybackEngines/WindowsStandaloneSupport/UnityEditor.WindowsStandalone.Extensions.dll
Registered in 0.003363 seconds.
Native extension for WindowsStandalone target not found
Refreshing native plugins compatible for Editor in 45.63 ms, found 3 plugins.
Preloading 0 native plugins for Editor in 0.00 ms.
Mono: successfully reloaded assembly
- Completed reload, in  0.606 seconds
Domain Reload Profiling:
	ReloadAssembly (606ms)
		BeginReloadAssembly (73ms)
			ExecutionOrderSort (0ms)
			DisableScriptedObjects (0ms)
			BackupInstance (0ms)
			ReleaseScriptingObjects (0ms)
			CreateAndSetChildDomain (1ms)
		EndReloadAssembly (455ms)
			LoadAssemblies (71ms)
			RebuildTransferFunctionScriptingTraits (0ms)
			SetupTypeCache (151ms)
			ReleaseScriptCaches (0ms)
			RebuildScriptCaches (31ms)
			SetupLoadedEditorAssemblies (168ms)
				LogAssemblyErrors (0ms)
				InitializePlatformSupportModulesInManaged (4ms)
				SetLoadedEditorAssemblies (0ms)
				RefreshPlugins (46ms)
				BeforeProcessingInitializeOnLoad (8ms)
				ProcessInitializeOnLoadAttributes (80ms)
				ProcessInitializeOnLoadMethodAttributes (29ms)
				AfterProcessingInitializeOnLoad (0ms)
				EditorAssembliesLoaded (0ms)
			ExecutionOrderSort2 (0ms)
			AwakeInstancesAfterBackupRestoration (0ms)
Platform modules already initialized, skipping
Registering precompiled user dll's ...
Registered in 0.009428 seconds.
Begin MonoManager ReloadAssembly
Native extension for WindowsStandalone target not found
Refreshing native plugins compatible for Editor in 44.66 ms, found 3 plugins.
Preloading 0 native plugins for Editor in 0.00 ms.
Mono: successfully reloaded assembly
- Completed reload, in  1.197 seconds
Domain Reload Profiling:
	ReloadAssembly (1199ms)
		BeginReloadAssembly (173ms)
			ExecutionOrderSort (0ms)
			DisableScriptedObjects (4ms)
			BackupInstance (0ms)
			ReleaseScriptingObjects (0ms)
			CreateAndSetChildDomain (18ms)
		EndReloadAssembly (945ms)
			LoadAssemblies (148ms)
			RebuildTransferFunctionScriptingTraits (0ms)
			SetupTypeCache (299ms)
			ReleaseScriptCaches (0ms)
			RebuildScriptCaches (49ms)
			SetupLoadedEditorAssemblies (355ms)
				LogAssemblyErrors (0ms)
				InitializePlatformSupportModulesInManaged (3ms)
				SetLoadedEditorAssemblies (0ms)
				RefreshPlugins (45ms)
				BeforeProcessingInitializeOnLoad (73ms)
				ProcessInitializeOnLoadAttributes (201ms)
				ProcessInitializeOnLoadMethodAttributes (24ms)
				AfterProcessingInitializeOnLoad (9ms)
				EditorAssembliesLoaded (0ms)
			ExecutionOrderSort2 (0ms)
			AwakeInstancesAfterBackupRestoration (2ms)
Platform modules already initialized, skipping
========================================================================
Worker process is ready to serve import requests
Launched and connected shader compiler UnityShaderCompiler.exe after 0.04 seconds
Refreshing native plugins compatible for Editor in 0.47 ms, found 3 plugins.
Preloading 0 native plugins for Editor in 0.00 ms.
Unloading 2212 Unused Serialized files (Serialized files now loaded: 0)
System memory in use before: 97.2 MB.
System memory in use after: 97.3 MB.

Unloading 25 unused Assets to reduce memory usage. Loaded Objects now: 2649.
Total: 2.675200 ms (FindLiveObjects: 0.156700 ms CreateObjectMapping: 0.078400 ms MarkObjects: 2.378900 ms  DeleteObjects: 0.060400 ms)

AssetImportParameters requested are different than current active one (requested -> active):
  custom:framework-win-MediaFoundation: 216162199b28c13a410421893ffa2e32 -> 
  custom:video-decoder-ogg-theora: a1e56fd34408186e4bbccfd4996cb3dc -> 
  custom:container-muxer-webm: aa71ff27fc2769a1b78a27578f13a17b -> 
  custom:container-demuxer-webm: 4f35f7cbe854078d1ac9338744f61a02 -> 
  custom:container-demuxer-ogg: 62fdf1f143b41e24485cea50d1cbac27 -> 
  custom:video-encoder-webm-vp8: eb34c28f22e8b96e1ab97ce403110664 -> 
  custom:video-codec-MediaFoundation-h265: 746d11721c4dcdbdad8f713fa42b33f4 -> 
  custom:video-decoder-webm-vp8: 9c59270c3fd7afecdb556c50c9e8de78 -> 
  custom:audio-decoder-ogg-vorbis: bf7c407c2cedff20999df2af8eb42d56 -> 
  custom:audio-encoder-webm-vorbis: bf7c407c2cedff20999df2af8eb42d56 -> 
========================================================================
Received Import Request.
  path: Assets/Scenes
  artifactKey: Guid(131a6b21c8605f84396be9f6751fb6e3) Importer(815301076,1909f56bfc062723c751e8b465ee728b)
Start importing Assets/Scenes using Guid(131a6b21c8605f84396be9f6751fb6e3) Importer(815301076,1909f56bfc062723c751e8b465ee728b)  -> (artifact id: 'ffae677c86e903bacef8065336249a81') in 0.006836 seconds 
========================================================================
Received Import Request.
  Time since last request: 0.000256 seconds.
  path: Assets/Scenes/MainGame.unity
  artifactKey: Guid(2cda990e2423bbf4892e6590ba056729) Importer(815301076,1909f56bfc062723c751e8b465ee728b)
Start importing Assets/Scenes/MainGame.unity using Guid(2cda990e2423bbf4892e6590ba056729) Importer(815301076,1909f56bfc062723c751e8b465ee728b)  -> (artifact id: '0ce4f9236262d5777de6c73aa7710d4b') in 0.005627 seconds 
========================================================================
Received Import Request.
  Time since last request: 5.536469 seconds.
  path: Assets/Scripts
  artifactKey: Guid(17e80ea0a34136642b6f35f4feef64b6) Importer(815301076,1909f56bfc062723c751e8b465ee728b)
Start importing Assets/Scripts using Guid(17e80ea0a34136642b6f35f4feef64b6) Importer(815301076,1909f56bfc062723c751e8b465ee728b)  -> (artifact id: '1342de7390d33b1db1d69bc0e625a94c') in 0.007830 seconds 
========================================================================
Received Import Request.
  Time since last request: 20.830616 seconds.
  path: Assets/Scripts/EmemyMove
  artifactKey: Guid(97bb0c807462d9544aeb99ce2e47df93) Importer(815301076,1909f56bfc062723c751e8b465ee728b)
Start importing Assets/Scripts/EmemyMove using Guid(97bb0c807462d9544aeb99ce2e47df93) Importer(815301076,1909f56bfc062723c751e8b465ee728b)  -> (artifact id: 'b19857c9ae3ff9b83406989fba9893e6') in 0.005678 seconds 
========================================================================
Received Import Request.
  Time since last request: 3.653685 seconds.
  path: Assets/Sprites/Bullets.png
  artifactKey: Guid(addeb71dbd51e3f4ea01c27a66afd038) Importer(815301076,1909f56bfc062723c751e8b465ee728b)
Start importing Assets/Sprites/Bullets.png using Guid(addeb71dbd51e3f4ea01c27a66afd038) Importer(815301076,1909f56bfc062723c751e8b465ee728b)  -> (artifact id: 'a610ae9e70b820bcd6a55c60cf8587ff') in 0.119441 seconds 
========================================================================
Received Import Request.
  Time since last request: 0.000295 seconds.
  path: Assets/Sprites/Player_run1.PNG
  artifactKey: Guid(ae9ed7021194eb547b8ece428ae7c037) Importer(815301076,1909f56bfc062723c751e8b465ee728b)
Start importing Assets/Sprites/Player_run1.PNG using Guid(ae9ed7021194eb547b8ece428ae7c037) Importer(815301076,1909f56bfc062723c751e8b465ee728b)  -> (artifact id: '7181e6db9d688686aa97ed889c7de9e1') in 0.030240 seconds 
========================================================================
Received Import Request.
  Time since last request: 0.000320 seconds.
  path: Assets/Sprites/Player.png
  artifactKey: Guid(89234ff87dae70c41bdb62d985e7bd0d) Importer(815301076,1909f56bfc062723c751e8b465ee728b)
Start importing Assets/Sprites/Player.png using Guid(89234ff87dae70c41bdb62d985e7bd0d) Importer(815301076,1909f56bfc062723c751e8b465ee728b)  -> (artifact id: '53833b144edbca8a2237741f64c9c97c') in 0.066522 seconds 
========================================================================
Received Import Request.
  Time since last request: 4.924508 seconds.
  path: Assets/Sprites/Prefabs
  artifactKey: Guid(29daa2c247c85a74eb5a5b7353425450) Importer(815301076,1909f56bfc062723c751e8b465ee728b)
Start importing Assets/Sprites/Prefabs using Guid(29daa2c247c85a74eb5a5b7353425450) Importer(815301076,1909f56bfc062723c751e8b465ee728b)  -> (artifact id: 'ae068dc2322b5e190c0010f77190480a') in 0.006510 seconds 
========================================================================
Received Import Request.
  Time since last request: 3.318603 seconds.
  path: Assets/Sprites/Prefabs/airplane.prefab
  artifactKey: Guid(bbc9b3fc4044fa440bea7483714cd9f4) Importer(815301076,1909f56bfc062723c751e8b465ee728b)
Start importing Assets/Sprites/Prefabs/airplane.prefab using Guid(bbc9b3fc4044fa440bea7483714cd9f4) Importer(815301076,1909f56bfc062723c751e8b465ee728b)  -> (artifact id: '8d4a3ef5da2f224f79d4f5170142c8f2') in 0.038808 seconds 
========================================================================
Received Import Request.
  Time since last request: 0.000330 seconds.
  path: Assets/Sprites/Prefabs/airplaneKey.prefab
  artifactKey: Guid(ee680247b4e7301409cc90ec12cfa681) Importer(815301076,1909f56bfc062723c751e8b465ee728b)
Start importing Assets/Sprites/Prefabs/airplaneKey.prefab using Guid(ee680247b4e7301409cc90ec12cfa681) Importer(815301076,1909f56bfc062723c751e8b465ee728b)  -> (artifact id: 'e75fccbec8618511c0dd04c28955587c') in 0.025865 seconds 
========================================================================
Received Import Request.
  Time since last request: 0.000315 seconds.
  path: Assets/Sprites/Prefabs/airplane02Key.prefab
  artifactKey: Guid(f89e67a5f26b8c041b68bd5a994c9383) Importer(815301076,1909f56bfc062723c751e8b465ee728b)
Start importing Assets/Sprites/Prefabs/airplane02Key.prefab using Guid(f89e67a5f26b8c041b68bd5a994c9383) Importer(815301076,1909f56bfc062723c751e8b465ee728b)  -> (artifact id: 'a1f555a175982f2ff9fb4cf2f8103415') in 0.027865 seconds 
========================================================================
Received Import Request.
  Time since last request: 0.000285 seconds.
  path: Assets/Sprites/Prefabs/airplane03Key.prefab
  artifactKey: Guid(e9f0f2bf69df88f4baac53bf5675b086) Importer(815301076,1909f56bfc062723c751e8b465ee728b)
Start importing Assets/Sprites/Prefabs/airplane03Key.prefab using Guid(e9f0f2bf69df88f4baac53bf5675b086) Importer(815301076,1909f56bfc062723c751e8b465ee728b)  -> (artifact id: 'b3176318e1f8e66f45756a996bbe0600') in 0.030812 seconds 
========================================================================
Received Import Request.
  Time since last request: 0.000317 seconds.
  path: Assets/Sprites/Prefabs/airplane02.prefab
  artifactKey: Guid(0f2b57e42e161e440bbb3499032972b6) Importer(815301076,1909f56bfc062723c751e8b465ee728b)
Start importing Assets/Sprites/Prefabs/airplane02.prefab using Guid(0f2b57e42e161e440bbb3499032972b6) Importer(815301076,1909f56bfc062723c751e8b465ee728b)  -> (artifact id: '97e738d33a4b8b0e1bc0b83a54f24fd5') in 0.021934 seconds 
========================================================================
Received Import Request.
  Time since last request: 32.034947 seconds.
  path: Assets/Scenes/MainGame 1.unity
  artifactKey: Guid(9ff4ce3adc4b40d43b38a3fcfd7ac01c) Importer(815301076,1909f56bfc062723c751e8b465ee728b)
Start importing Assets/Scenes/MainGame 1.unity using Guid(9ff4ce3adc4b40d43b38a3fcfd7ac01c) Importer(815301076,1909f56bfc062723c751e8b465ee728b)  -> (artifact id: '30c1524230d56f6249391df38d1011ea') in 0.006193 seconds 
========================================================================
Received Import Request.
  Time since last request: 49.514133 seconds.
  path: Assets/Scenes/EnemyGame.unity
  artifactKey: Guid(9ff4ce3adc4b40d43b38a3fcfd7ac01c) Importer(815301076,1909f56bfc062723c751e8b465ee728b)
Start importing Assets/Scenes/EnemyGame.unity using Guid(9ff4ce3adc4b40d43b38a3fcfd7ac01c) Importer(815301076,1909f56bfc062723c751e8b465ee728b)  -> (artifact id: 'a528a29199d2dd8f9be3c8457a275110') in 0.006406 seconds 
========================================================================
Received Import Request.
  Time since last request: 59.671347 seconds.
  path: Assets/Scripts/PlayerMoveScripts
  artifactKey: Guid(3c446bf328e474047b24fb38aec991a9) Importer(815301076,1909f56bfc062723c751e8b465ee728b)
Start importing Assets/Scripts/PlayerMoveScripts using Guid(3c446bf328e474047b24fb38aec991a9) Importer(815301076,1909f56bfc062723c751e8b465ee728b)  -> (artifact id: 'db80fb719429ac8cf3223e8b42f91608') in 0.005457 seconds 
========================================================================
Received Import Request.
  Time since last request: 3.867540 seconds.
  path: Assets/Scripts/PlayerMoveScripts/GameDirector.cs
  artifactKey: Guid(87d13e4884839d84282b1f1eda428052) Importer(815301076,1909f56bfc062723c751e8b465ee728b)
Start importing Assets/Scripts/PlayerMoveScripts/GameDirector.cs using Guid(87d13e4884839d84282b1f1eda428052) Importer(815301076,1909f56bfc062723c751e8b465ee728b)  -> (artifact id: '65d34d0c4ab175700a2d6d6fbded99bb') in 0.009457 seconds 
========================================================================
Received Prepare
Registering precompiled user dll's ...
Registered in 0.008570 seconds.
Begin MonoManager ReloadAssembly
Native extension for WindowsStandalone target not found
Refreshing native plugins compatible for Editor in 0.52 ms, found 3 plugins.
Preloading 0 native plugins for Editor in 0.00 ms.
Mono: successfully reloaded assembly
- Completed reload, in  1.218 seconds
Domain Reload Profiling:
	ReloadAssembly (1218ms)
		BeginReloadAssembly (152ms)
			ExecutionOrderSort (0ms)
			DisableScriptedObjects (8ms)
			BackupInstance (0ms)
			ReleaseScriptingObjects (0ms)
			CreateAndSetChildDomain (50ms)
		EndReloadAssembly (998ms)
			LoadAssemblies (159ms)
			RebuildTransferFunctionScriptingTraits (0ms)
			SetupTypeCache (293ms)
			ReleaseScriptCaches (1ms)
			RebuildScriptCaches (45ms)
			SetupLoadedEditorAssemblies (405ms)
				LogAssemblyErrors (0ms)
				InitializePlatformSupportModulesInManaged (5ms)
				SetLoadedEditorAssemblies (1ms)
				RefreshPlugins (1ms)
				BeforeProcessingInitializeOnLoad (110ms)
				ProcessInitializeOnLoadAttributes (261ms)
				ProcessInitializeOnLoadMethodAttributes (18ms)
				AfterProcessingInitializeOnLoad (9ms)
				EditorAssembliesLoaded (0ms)
			ExecutionOrderSort2 (0ms)
			AwakeInstancesAfterBackupRestoration (4ms)
Platform modules already initialized, skipping
Refreshing native plugins compatible for Editor in 0.55 ms, found 3 plugins.
Preloading 0 native plugins for Editor in 0.00 ms.
Unloading 2201 Unused Serialized files (Serialized files now loaded: 0)
System memory in use before: 99.6 MB.
System memory in use after: 99.7 MB.

Unloading 14 unused Assets to reduce memory usage. Loaded Objects now: 2678.
Total: 3.544000 ms (FindLiveObjects: 0.202700 ms CreateObjectMapping: 0.120800 ms MarkObjects: 3.192200 ms  DeleteObjects: 0.027300 ms)

AssetImportParameters requested are different than current active one (requested -> active):
  custom:framework-win-MediaFoundation: 216162199b28c13a410421893ffa2e32 -> 
  custom:video-decoder-ogg-theora: a1e56fd34408186e4bbccfd4996cb3dc -> 
  custom:container-muxer-webm: aa71ff27fc2769a1b78a27578f13a17b -> 
  custom:container-demuxer-webm: 4f35f7cbe854078d1ac9338744f61a02 -> 
  custom:container-demuxer-ogg: 62fdf1f143b41e24485cea50d1cbac27 -> 
  custom:video-encoder-webm-vp8: eb34c28f22e8b96e1ab97ce403110664 -> 
  custom:video-codec-MediaFoundation-h265: 746d11721c4dcdbdad8f713fa42b33f4 -> 
  custom:video-decoder-webm-vp8: 9c59270c3fd7afecdb556c50c9e8de78 -> 
  custom:audio-decoder-ogg-vorbis: bf7c407c2cedff20999df2af8eb42d56 -> 
  custom:audio-encoder-webm-vorbis: bf7c407c2cedff20999df2af8eb42d56 -> 
========================================================================
Received Import Request.
  Time since last request: 38.653464 seconds.
  path: Assets/Scripts/PlayerMoveScripts/PlayerController.cs
  artifactKey: Guid(3906b55abd9ae5443be917819d4103f4) Importer(815301076,1909f56bfc062723c751e8b465ee728b)
Start importing Assets/Scripts/PlayerMoveScripts/PlayerController.cs using Guid(3906b55abd9ae5443be917819d4103f4) Importer(815301076,1909f56bfc062723c751e8b465ee728b)  -> (artifact id: '95cb60075efa3c15a4f6c238db0e564a') in 0.009302 seconds 
========================================================================
Received Import Request.
  Time since last request: 0.000231 seconds.
  path: Assets/Scripts/PlayerMoveScripts/RoomCheck.cs
  artifactKey: Guid(9a95bcf8314efb3449416b90aad9cbdf) Importer(815301076,1909f56bfc062723c751e8b465ee728b)
Start importing Assets/Scripts/PlayerMoveScripts/RoomCheck.cs using Guid(9a95bcf8314efb3449416b90aad9cbdf) Importer(815301076,1909f56bfc062723c751e8b465ee728b)  -> (artifact id: '14f6ed8f1abbc4f127999937b9088597') in 0.006013 seconds 
